<?xml version="1.0" encoding="UTF-8"?>
<!-- Generated by org.testng.reporters.JUnitXMLReporter -->
<testsuite ignored="2" hostname="DESKTOP-88K81C0" failures="0" tests="1" name="Default test" time="17.463" errors="0" timestamp="2023-12-09T03:03:06 EET">
  <testcase classname="testcase.TestingFramework" name="DeleteCustomer" time="1.791"/>
  <testcase classname="testcase.TestingFramework" name="SearchCustomer" time="0.0">
    <ignored/>
  </testcase> <!-- SearchCustomer -->
  <testcase classname="testcase.TestingFramework" name="CreateCustomer" time="0.0">
    <ignored/>
  </testcase> <!-- CreateCustomer -->
</testsuite> <!-- Default test -->
