<?xml version="1.0" encoding="UTF-8"?>
<testng-results ignored="2" total="3" passed="1" failed="0" skipped="0">
  <reporter-output>
  </reporter-output>
  <suite started-at="2023-12-09T03:02:48 EET" name="Default suite" finished-at="2023-12-09T03:03:06 EET" duration-ms="17463">
    <groups>
    </groups>
    <test started-at="2023-12-09T03:02:48 EET" name="Default test" finished-at="2023-12-09T03:03:06 EET" duration-ms="17463">
      <class name="testcase.TestingFramework">
        <test-method is-config="true" signature="setUp()[pri:0, instance:testcase.TestingFramework@1ffaf86]" started-at="2023-12-09T03:02:48 EET" name="setUp" finished-at="2023-12-09T03:03:04 EET" duration-ms="15490" status="PASS">
          <reporter-output>
          </reporter-output>
        </test-method> <!-- setUp -->
        <test-method signature="DeleteCustomer()[pri:0, instance:testcase.TestingFramework@1ffaf86]" started-at="2023-12-09T03:03:04 EET" name="DeleteCustomer" finished-at="2023-12-09T03:03:05 EET" duration-ms="1791" status="PASS">
          <reporter-output>
          </reporter-output>
        </test-method> <!-- DeleteCustomer -->
        <test-method is-config="true" signature="TearDown()[pri:0, instance:testcase.TestingFramework@1ffaf86]" started-at="2023-12-09T03:03:05 EET" name="TearDown" finished-at="2023-12-09T03:03:06 EET" duration-ms="146" status="PASS">
          <reporter-output>
          </reporter-output>
        </test-method> <!-- TearDown -->
      </class> <!-- testcase.TestingFramework -->
    </test> <!-- Default test -->
  </suite> <!-- Default suite -->
</testng-results>
